<?xml version="1.0" encoding="UTF-8"?>
<testsuite name="User" tests="1" errors="0" failures="1" skipped="0" time="1.034" timestamp="2025-07-27T20:02:39.583000">
<testsuite name="createUser" tests="1" errors="0" failures="1" skipped="0" time="1.015" timestamp="2025-07-27T20:02:39.601000">
<testcase classname="User.createUser" name="Create User Successfully" time="0.414">
<failure message="201 != 202" type="AssertionError"/>
</testcase>
<properties>
<property name="Documentation" value="Tests for user creation functionality"/>
</properties>
</testsuite>
</testsuite>
